# JRE version: OpenJDK Runtime Environment (8.0_232-b09) (build 1.8.0_232-b09)
# Java VM: OpenJDK 64-Bit Server VM (25.232-b09 mixed mode windows-amd64 compressed oops)
Heap:
 PSYoungGen      total 257024K, used 50294K [0x00000000eab00000, 0x00000000ffc00000, 0x0000000100000000)
  eden space 170496K, 0% used [0x00000000eab00000,0x00000000eab00000,0x00000000f5180000)
  from space 86528K, 58% used [0x00000000fa680000,0x00000000fd79d8a8,0x00000000ffb00000)
  to   space 87040K, 0% used [0x00000000f5180000,0x00000000f5180000,0x00000000fa680000)
 ParOldGen       total 332288K, used 292101K [0x00000000c0000000, 0x00000000d4480000, 0x00000000eab00000)
  object space 332288K, 87% used [0x00000000c0000000,0x00000000d1d417d8,0x00000000d4480000)
 Metaspace       used 106014K, capacity 111336K, committed 111488K, reserved 1146880K
  class space    used 13823K, capacity 14652K, committed 14720K, reserved 1048576K
GC Heap History (10 events):
Event: 3273.444 GC heap after
Heap after GC invocations=61 (full 20):
 PSYoungGen      total 256000K, used 3381K [0x00000000eab00000, 0x00000000ffd00000, 0x0000000100000000)
  eden space 166912K, 0% used [0x00000000eab00000,0x00000000eab00000,0x00000000f4e00000)
  from space 89088K, 3% used [0x00000000f4e00000,0x00000000f514d468,0x00000000fa500000)
  to   space 89088K, 0% used [0x00000000fa600000,0x00000000fa600000,0x00000000ffd00000)
 ParOldGen       total 332288K, used 298441K [0x00000000c0000000, 0x00000000d4480000, 0x00000000eab00000)
  object space 332288K, 89% used [0x00000000c0000000,0x00000000d2372420,0x00000000d4480000)
 Metaspace       used 101238K, capacity 106388K, committed 106752K, reserved 1142784K
  class space    used 13192K, capacity 14010K, committed 14080K, reserved 1048576K
}
Event: 3273.444 GC heap before
{Heap before GC invocations=62 (full 21):
 PSYoungGen      total 256000K, used 3381K [0x00000000eab00000, 0x00000000ffd00000, 0x0000000100000000)
  eden space 166912K, 0% used [0x00000000eab00000,0x00000000eab00000,0x00000000f4e00000)
  from space 89088K, 3% used [0x00000000f4e00000,0x00000000f514d468,0x00000000fa500000)
  to   space 89088K, 0% used [0x00000000fa600000,0x00000000fa600000,0x00000000ffd00000)
 ParOldGen       total 332288K, used 298441K [0x00000000c0000000, 0x00000000d4480000, 0x00000000eab00000)
  object space 332288K, 89% used [0x00000000c0000000,0x00000000d2372420,0x00000000d4480000)
 Metaspace       used 101238K, capacity 106388K, committed 106752K, reserved 1142784K
  class space    used 13192K, capacity 14010K, committed 14080K, reserved 1048576K
Event: 3273.883 GC heap after
Heap after GC invocations=62 (full 21):
 PSYoungGen      total 256000K, used 0K [0x00000000eab00000, 0x00000000ffd00000, 0x0000000100000000)
  eden space 166912K, 0% used [0x00000000eab00000,0x00000000eab00000,0x00000000f4e00000)
  from space 89088K, 0% used [0x00000000f4e00000,0x00000000f4e00000,0x00000000fa500000)
  to   space 89088K, 0% used [0x00000000fa600000,0x00000000fa600000,0x00000000ffd00000)
 ParOldGen       total 332288K, used 292085K [0x00000000c0000000, 0x00000000d4480000, 0x00000000eab00000)
  object space 332288K, 87% used [0x00000000c0000000,0x00000000d1d3d7d8,0x00000000d4480000)
 Metaspace       used 101212K, capacity 106346K, committed 106752K, reserved 1142784K
  class space    used 13189K, capacity 14003K, committed 14080K, reserved 1048576K
}
Event: 3274.445 GC heap before
{Heap before GC invocations=63 (full 21):
 PSYoungGen      total 256000K, used 166912K [0x00000000eab00000, 0x00000000ffd00000, 0x0000000100000000)
  eden space 166912K, 100% used [0x00000000eab00000,0x00000000f4e00000,0x00000000f4e00000)
  from space 89088K, 0% used [0x00000000f4e00000,0x00000000f4e00000,0x00000000fa500000)
  to   space 89088K, 0% used [0x00000000fa600000,0x00000000fa600000,0x00000000ffd00000)
 ParOldGen       total 332288K, used 292085K [0x00000000c0000000, 0x00000000d4480000, 0x00000000eab00000)
  object space 332288K, 87% used [0x00000000c0000000,0x00000000d1d3d7d8,0x00000000d4480000)
 Metaspace       used 105238K, capacity 110556K, committed 110720K, reserved 1144832K
  class space    used 13746K, capacity 14586K, committed 14720K, reserved 1048576K
Event: 3274.467 GC heap after
Heap after GC invocations=63 (full 21):
 PSYoungGen      total 257024K, used 47514K [0x00000000eab00000, 0x0000000100000000, 0x0000000100000000)
  eden space 167936K, 0% used [0x00000000eab00000,0x00000000eab00000,0x00000000f4f00000)
  from space 89088K, 53% used [0x00000000fa600000,0x00000000fd466a08,0x00000000ffd00000)
  to   space 89088K, 0% used [0x00000000f4f00000,0x00000000f4f00000,0x00000000fa600000)
 ParOldGen       total 332288K, used 292093K [0x00000000c0000000, 0x00000000d4480000, 0x00000000eab00000)
  object space 332288K, 87% used [0x00000000c0000000,0x00000000d1d3f7d8,0x00000000d4480000)
 Metaspace       used 105238K, capacity 110556K, committed 110720K, reserved 1144832K
  class space    used 13746K, capacity 14586K, committed 14720K, reserved 1048576K
}
Event: 3274.625 GC heap before
{Heap before GC invocations=64 (full 21):
 PSYoungGen      total 257024K, used 215450K [0x00000000eab00000, 0x0000000100000000, 0x0000000100000000)
  eden space 167936K, 100% used [0x00000000eab00000,0x00000000f4f00000,0x00000000f4f00000)
  from space 89088K, 53% used [0x00000000fa600000,0x00000000fd466a08,0x00000000ffd00000)
  to   space 89088K, 0% used [0x00000000f4f00000,0x00000000f4f00000,0x00000000fa600000)
 ParOldGen       total 332288K, used 292093K [0x00000000c0000000, 0x00000000d4480000, 0x00000000eab00000)
  object space 332288K, 87% used [0x00000000c0000000,0x00000000d1d3f7d8,0x00000000d4480000)
 Metaspace       used 105888K, capacity 111208K, committed 111488K, reserved 1146880K
  class space    used 13820K, capacity 14652K, committed 14720K, reserved 1048576K
Event: 3274.645 GC heap after
Heap after GC invocations=64 (full 21):
 PSYoungGen      total 257024K, used 42580K [0x00000000eab00000, 0x00000000ffb00000, 0x0000000100000000)
  eden space 167936K, 0% used [0x00000000eab00000,0x00000000eab00000,0x00000000f4f00000)
  from space 89088K, 47% used [0x00000000f4f00000,0x00000000f78950b0,0x00000000fa600000)
  to   space 86528K, 0% used [0x00000000fa680000,0x00000000fa680000,0x00000000ffb00000)
 ParOldGen       total 332288K, used 292093K [0x00000000c0000000, 0x00000000d4480000, 0x00000000eab00000)
  object space 332288K, 87% used [0x00000000c0000000,0x00000000d1d3f7d8,0x00000000d4480000)
 Metaspace       used 105888K, capacity 111208K, committed 111488K, reserved 1146880K
  class space    used 13820K, capacity 14652K, committed 14720K, reserved 1048576K
}
Event: 3527.376 GC heap before
{Heap before GC invocations=65 (full 21):
 PSYoungGen      total 257024K, used 112850K [0x00000000eab00000, 0x00000000ffb00000, 0x0000000100000000)
  eden space 167936K, 41% used [0x00000000eab00000,0x00000000eef9f8f0,0x00000000f4f00000)
  from space 89088K, 47% used [0x00000000f4f00000,0x00000000f78950b0,0x00000000fa600000)
  to   space 86528K, 0% used [0x00000000fa680000,0x00000000fa680000,0x00000000ffb00000)
 ParOldGen       total 332288K, used 292093K [0x00000000c0000000, 0x00000000d4480000, 0x00000000eab00000)
  object space 332288K, 87% used [0x00000000c0000000,0x00000000d1d3f7d8,0x00000000d4480000)
 Metaspace       used 106014K, capacity 111336K, committed 111488K, reserved 1146880K
  class space    used 13823K, capacity 14652K, committed 14720K, reserved 1048576K
Event: 3527.403 GC heap after
Heap after GC invocations=65 (full 21):
 PSYoungGen      total 257024K, used 50294K [0x00000000eab00000, 0x00000000ffc00000, 0x0000000100000000)
  eden space 170496K, 0% used [0x00000000eab00000,0x00000000eab00000,0x00000000f5180000)
  from space 86528K, 58% used [0x00000000fa680000,0x00000000fd79d8a8,0x00000000ffb00000)
  to   space 87040K, 0% used [0x00000000f5180000,0x00000000f5180000,0x00000000fa680000)
 ParOldGen       total 332288K, used 292101K [0x00000000c0000000, 0x00000000d4480000, 0x00000000eab00000)
  object space 332288K, 87% used [0x00000000c0000000,0x00000000d1d417d8,0x00000000d4480000)
 Metaspace       used 106014K, capacity 111336K, committed 111488K, reserved 1146880K
  class space    used 13823K, capacity 14652K, committed 14720K, reserved 1048576K
}
Event: 3527.403 GC heap before
{Heap before GC invocations=66 (full 22):
 PSYoungGen      total 257024K, used 50294K [0x00000000eab00000, 0x00000000ffc00000, 0x0000000100000000)
  eden space 170496K, 0% used [0x00000000eab00000,0x00000000eab00000,0x00000000f5180000)
  from space 86528K, 58% used [0x00000000fa680000,0x00000000fd79d8a8,0x00000000ffb00000)
  to   space 87040K, 0% used [0x00000000f5180000,0x00000000f5180000,0x00000000fa680000)
 ParOldGen       total 332288K, used 292101K [0x00000000c0000000, 0x00000000d4480000, 0x00000000eab00000)
  object space 332288K, 87% used [0x00000000c0000000,0x00000000d1d417d8,0x00000000d4480000)
 Metaspace       used 106014K, capacity 111336K, committed 111488K, reserved 1146880K
  class space    used 13823K, capacity 14652K, committed 14720K, reserved 1048576K

